<?xml version="1.0" encoding="UTF-8"?>
<testng-results skipped="0" failed="0" total="2" passed="2">
  <reporter-output>
  </reporter-output>
  <suite name="Default suite" duration-ms="25921" started-at="2018-08-10T09:29:33Z" finished-at="2018-08-10T09:29:59Z">
    <groups>
    </groups>
    <test name="Default test" duration-ms="25921" started-at="2018-08-10T09:29:33Z" finished-at="2018-08-10T09:29:59Z">
      <class name="login.validuser">
        <test-method status="PASS" signature="case1()[pri:0, instance:login.validuser@1b604f19]" name="case1" duration-ms="14740" started-at="2018-08-10T14:59:33Z" finished-at="2018-08-10T14:59:48Z">
          <reporter-output>
          </reporter-output>
        </test-method> <!-- case1 -->
        <test-method status="PASS" signature="case2()[pri:0, instance:login.validuser@1b604f19]" name="case2" duration-ms="10936" started-at="2018-08-10T14:59:48Z" finished-at="2018-08-10T14:59:59Z">
          <reporter-output>
          </reporter-output>
        </test-method> <!-- case2 -->
      </class> <!-- login.validuser -->
    </test> <!-- Default test -->
  </suite> <!-- Default suite -->
</testng-results>
