<?xml version="1.0" encoding="UTF-8"?>
<testng-results skipped="0" failed="0" total="1" passed="1">
  <reporter-output>
  </reporter-output>
  <suite name="Default suite" duration-ms="14171" started-at="2018-10-05T07:00:36Z" finished-at="2018-10-05T07:00:51Z">
    <groups>
    </groups>
    <test name="Default test" duration-ms="14171" started-at="2018-10-05T07:00:36Z" finished-at="2018-10-05T07:00:51Z">
      <class name="login.validuser">
        <test-method status="PASS" signature="case1()[pri:0, instance:login.validuser@482f8f11]" name="case1" duration-ms="14138" started-at="2018-10-05T12:30:36Z" finished-at="2018-10-05T12:30:51Z">
          <reporter-output>
          </reporter-output>
        </test-method> <!-- case1 -->
      </class> <!-- login.validuser -->
    </test> <!-- Default test -->
  </suite> <!-- Default suite -->
</testng-results>
